<?xml version="1.0" encoding="UTF-8"?>
<testsuite xmlns:xsi="http://www.w3.org/2001/XMLSchema-instance" xsi:noNamespaceSchemaLocation="https://maven.apache.org/surefire/maven-surefire-plugin/xsd/surefire-test-report.xsd" version="3.0.2" name="com.api_rest.ApiRestApplicationTests" time="15.714" tests="1" errors="0" skipped="0" failures="0">
  <properties>
[...]
</properties>
  <testcase name="contextLoads" classname="com.api_rest.ApiRestApplicationTests" time="0.6">
    <system-out><![CDATA[12:08:58.195 [main] INFO org.springframework.test.context.support.AnnotationConfigContextLoaderUtils -- Could not detect default configuration classes for test class [com.api_rest.ApiRestApplicationTests]: ApiRestApplicationTests does not declare any static, non-private, non-final, nested classes annotated with @Configuration.
12:08:58.418 [main] INFO org.springframework.boot.test.context.SpringBootTestContextBootstrapper -- Found @SpringBootConfiguration com.api_rest.ApiRestApplication for test class com.api_rest.ApiRestApplicationTests

  .   ____          _            __ _ _
 /\\ / ___'_ __ _ _(_)_ __  __ _ \ \ \ \
( ( )\___ | '_ | '_| | '_ \/ _` | \ \ \ \
 \\/  ___)| |_)| | | | | || (_| |  ) ) ) )
  '  |____| .__|_| |_|_| |_\__, | / / / /
 =========|_|==============|___/=/_/_/_/

 :: Spring Boot ::                (v3.5.3)

2025-10-14T12:08:59.386-03:00  INFO 24492 --- [API_Rest] [           main] com.api_rest.ApiRestApplicationTests     : Starting ApiRestApplicationTests using Java 24.0.1 with PID 24492 (started by danielsousa-ieg in C:\Users\danielsousa-ieg\inter\api_2-)
2025-10-14T12:08:59.388-03:00  INFO 24492 --- [API_Rest] [           main] com.api_rest.ApiRestApplicationTests     : No active profile set, falling back to 1 default profile: "default"
2025-10-14T12:09:01.635-03:00  INFO 24492 --- [API_Rest] [           main] .s.d.r.c.RepositoryConfigurationDelegate : Bootstrapping Spring Data JPA repositories in DEFAULT mode.
2025-10-14T12:09:01.765-03:00  INFO 24492 --- [API_Rest] [           main] .s.d.r.c.RepositoryConfigurationDelegate : Finished Spring Data repository scanning in 104 ms. Found 4 JPA repository interfaces.
2025-10-14T12:09:02.973-03:00  INFO 24492 --- [API_Rest] [           main] o.hibernate.jpa.internal.util.LogHelper  : HHH000204: Processing PersistenceUnitInfo [name: default]
2025-10-14T12:09:03.155-03:00  INFO 24492 --- [API_Rest] [           main] org.hibernate.Version                    : HHH000412: Hibernate ORM core version 6.6.18.Final
2025-10-14T12:09:03.221-03:00  INFO 24492 --- [API_Rest] [           main] o.h.c.internal.RegionFactoryInitiator    : HHH000026: Second-level cache disabled
2025-10-14T12:09:04.193-03:00  INFO 24492 --- [API_Rest] [           main] o.s.o.j.p.SpringPersistenceUnitInfo      : No LoadTimeWeaver setup: ignoring JPA class transformer
2025-10-14T12:09:04.232-03:00  INFO 24492 --- [API_Rest] [           main] com.zaxxer.hikari.HikariDataSource       : HikariPool-1 - Starting...
2025-10-14T12:09:06.325-03:00  INFO 24492 --- [API_Rest] [           main] com.zaxxer.hikari.pool.HikariPool        : HikariPool-1 - Added connection org.postgresql.jdbc.PgConnection@3a8b9458
2025-10-14T12:09:06.327-03:00  INFO 24492 --- [API_Rest] [           main] com.zaxxer.hikari.HikariDataSource       : HikariPool-1 - Start completed.
2025-10-14T12:09:06.553-03:00  WARN 24492 --- [API_Rest] [           main] org.hibernate.orm.deprecation            : HHH90000025: PostgreSQLDialect does not need to be specified explicitly using 'hibernate.dialect' (remove the property setting and it will be selected by default)
2025-10-14T12:09:07.053-03:00  INFO 24492 --- [API_Rest] [           main] org.hibernate.orm.connections.pooling    : HHH10001005: Database info:
	Database JDBC URL [Connecting through datasource 'HikariDataSource (HikariPool-1)']
	Database driver: undefined/unknown
	Database version: 17.6
	Autocommit mode: undefined/unknown
	Isolation level: undefined/unknown
	Minimum pool size: undefined/unknown
	Maximum pool size: undefined/unknown
2025-10-14T12:09:08.553-03:00  INFO 24492 --- [API_Rest] [           main] o.h.e.t.j.p.i.JtaPlatformInitiator       : HHH000489: No JTA platform available (set 'hibernate.transaction.jta.platform' to enable JTA platform integration)
2025-10-14T12:09:09.604-03:00  INFO 24492 --- [API_Rest] [           main] j.LocalContainerEntityManagerFactoryBean : Initialized JPA EntityManagerFactory for persistence unit 'default'
2025-10-14T12:09:11.165-03:00  WARN 24492 --- [API_Rest] [           main] JpaBaseConfiguration$JpaWebConfiguration : spring.jpa.open-in-view is enabled by default. Therefore, database queries may be performed during view rendering. Explicitly configure spring.jpa.open-in-view to disable this warning
2025-10-14T12:09:11.260-03:00  INFO 24492 --- [API_Rest] [           main] r$InitializeUserDetailsManagerConfigurer : Global AuthenticationManager configured with UserDetailsService bean with name inMemoryUserDetailsManager
2025-10-14T12:09:11.398-03:00  WARN 24492 --- [API_Rest] [           main] thorizationManagerRequestMatcherRegistry : One of the patterns in [api/trabalhador/**] is missing a leading slash. This is discouraged; please include the leading slash in all your request matcher patterns. In future versions of Spring Security, leaving out the leading slash will result in an exception.
2025-10-14T12:09:11.820-03:00  WARN 24492 --- [API_Rest] [           main] thorizationManagerRequestMatcherRegistry : One of the patterns in [api/firebase/**] is missing a leading slash. This is discouraged; please include the leading slash in all your request matcher patterns. In future versions of Spring Security, leaving out the leading slash will result in an exception.
2025-10-14T12:09:11.822-03:00  WARN 24492 --- [API_Rest] [           main] thorizationManagerRequestMatcherRegistry : One of the patterns in [api/registro/**] is missing a leading slash. This is discouraged; please include the leading slash in all your request matcher patterns. In future versions of Spring Security, leaving out the leading slash will result in an exception.
2025-10-14T12:09:11.824-03:00  WARN 24492 --- [API_Rest] [           main] thorizationManagerRequestMatcherRegistry : One of the patterns in [api/manutencao/] is missing a leading slash. This is discouraged; please include the leading slash in all your request matcher patterns. In future versions of Spring Security, leaving out the leading slash will result in an exception.
2025-10-14T12:09:13.024-03:00  INFO 24492 --- [API_Rest] [           main] com.api_rest.ApiRestApplicationTests     : Started ApiRestApplicationTests in 14.313 seconds (process running for 16.535)
]]></system-out>
    <system-err><![CDATA[Mockito is currently self-attaching to enable the inline-mock-maker. This will no longer work in future releases of the JDK. Please add Mockito as an agent to your build as described in Mockito's documentation: https://javadoc.io/doc/org.mockito/mockito-core/latest/org.mockito/org/mockito/Mockito.html#0.3
WARNING: A Java agent has been loaded dynamically (C:\Users\danielsousa-ieg\.m2\repository\net\bytebuddy\byte-buddy-agent\1.17.6\byte-buddy-agent-1.17.6.jar)
WARNING: If a serviceability tool is in use, please run with -XX:+EnableDynamicAgentLoading to hide this warning
WARNING: If a serviceability tool is not in use, please run with -Djdk.instrument.traceUsage for more information
WARNING: Dynamic loading of agents will be disallowed by default in a future release
]]></system-err>
  </testcase>
</testsuite>